c:\users\97250.adirb\desktop\project part 2 c++\חלק 3\hospital part 3\x64\debug\vc143.pdb
c:\users\97250.adirb\desktop\project part 2 c++\חלק 3\hospital part 3\x64\debug\vc143.idb
c:\users\97250.adirb\desktop\project part 2 c++\חלק 3\hospital part 3\x64\debug\worker.obj
c:\users\97250.adirb\desktop\project part 2 c++\חלק 3\hospital part 3\x64\debug\specialization.obj
c:\users\97250.adirb\desktop\project part 2 c++\חלק 3\hospital part 3\x64\debug\researcher .obj
c:\users\97250.adirb\desktop\project part 2 c++\חלק 3\hospital part 3\x64\debug\person.obj
c:\users\97250.adirb\desktop\project part 2 c++\חלק 3\hospital part 3\x64\debug\patient.obj
c:\users\97250.adirb\desktop\project part 2 c++\חלק 3\hospital part 3\x64\debug\nurse.obj
c:\users\97250.adirb\desktop\project part 2 c++\חלק 3\hospital part 3\x64\debug\main.obj
c:\users\97250.adirb\desktop\project part 2 c++\חלק 3\hospital part 3\x64\debug\inpatientdepartment.obj
c:\users\97250.adirb\desktop\project part 2 c++\חלק 3\hospital part 3\x64\debug\hospitalmanager.obj
c:\users\97250.adirb\desktop\project part 2 c++\חלק 3\hospital part 3\x64\debug\hospital.obj
c:\users\97250.adirb\desktop\project part 2 c++\חלק 3\hospital part 3\x64\debug\generalfunctions.obj
c:\users\97250.adirb\desktop\project part 2 c++\חלק 3\hospital part 3\x64\debug\doctor.obj
c:\users\97250.adirb\desktop\project part 2 c++\חלק 3\hospital part 3\x64\debug\departmentmanager.obj
c:\users\97250.adirb\desktop\project part 2 c++\חלק 3\hospital part 3\x64\debug\department.obj
c:\users\97250.adirb\desktop\project part 2 c++\חלק 3\hospital part 3\x64\debug\date.obj
c:\users\97250.adirb\desktop\project part 2 c++\חלק 3\hospital part 3\x64\debug\cafeteriaworker.obj
c:\users\97250.adirb\desktop\project part 2 c++\חלק 3\hospital part 3\x64\debug\cafeteria.obj
c:\users\97250.adirb\desktop\project part 2 c++\חלק 3\hospital part 3\x64\debug\building.obj
c:\users\97250.adirb\desktop\project part 2 c++\חלק 3\hospital part 3\x64\debug\article.obj
c:\users\97250.adirb\desktop\project part 2 c++\חלק 3\hospital part 3\x64\debug\hospital.ilk
c:\users\97250.adirb\desktop\project part 2 c++\חלק 3\hospital part 3\x64\debug\hospital.exe
c:\users\97250.adirb\desktop\project part 2 c++\חלק 3\hospital part 3\x64\debug\hospital.pdb
c:\users\97250.adirb\desktop\project part 2 c++\חלק 3\hospital part 3\x64\debug\hospital.tlog\cl.command.1.tlog
c:\users\97250.adirb\desktop\project part 2 c++\חלק 3\hospital part 3\x64\debug\hospital.tlog\cl.items.tlog
c:\users\97250.adirb\desktop\project part 2 c++\חלק 3\hospital part 3\x64\debug\hospital.tlog\cl.read.1.tlog
c:\users\97250.adirb\desktop\project part 2 c++\חלק 3\hospital part 3\x64\debug\hospital.tlog\cl.write.1.tlog
c:\users\97250.adirb\desktop\project part 2 c++\חלק 3\hospital part 3\x64\debug\hospital.tlog\link.command.1.tlog
c:\users\97250.adirb\desktop\project part 2 c++\חלק 3\hospital part 3\x64\debug\hospital.tlog\link.read.1.tlog
c:\users\97250.adirb\desktop\project part 2 c++\חלק 3\hospital part 3\x64\debug\hospital.tlog\link.write.1.tlog
